<?xml version="1.0" encoding="UTF-8"?>
<!-- Generated by org.testng.reporters.JUnitXMLReporter -->
<testsuite hostname="SRI-PC" name="transaction" tests="5" failures="0" timestamp="21 May 2021 09:15:22 GMT" time="0.142" errors="0">
  <testcase name="entertransaction" time="0.063" classname="day1.Includeexcludeconcept"/>
  <testcase name="enterusername" time="0.002" classname="day1.Includeexcludeconcept"/>
  <testcase name="login" time="0.002" classname="day1.Includeexcludeconcept"/>
  <testcase name="logout" time="0.002" classname="day1.Includeexcludeconcept"/>
  <testcase name="transactionsuccessful" time="0.001" classname="day1.Includeexcludeconcept"/>
</testsuite> <!-- transaction -->
